<?xml version="1.0" encoding="UTF-8"?>
<robot generator="Robot 5.0 (Python 3.8.10 on linux)" generated="20220507 17:44:25.202" rpa="false" schemaversion="3">
<suite id="s1" name="Tasks" source="/home/gams/Documents/rpachallenge/tasks.robot">
<test id="s1-t1" name="Step 1: Open rpachallenge" line="11">
<kw name="Abrir Site">
<kw name="Open Browser" library="SeleniumLibrary">
<arg>https://www.rpachallenge.com/</arg>
<arg>chrome</arg>
<doc>Opens a new browser instance to the optional ``url``.</doc>
<msg timestamp="20220507 17:44:25.340" level="INFO">Opening browser 'chrome' to base url 'https://www.rpachallenge.com/'.</msg>
<status status="PASS" starttime="20220507 17:44:25.339" endtime="20220507 17:44:29.432"/>
</kw>
<status status="PASS" starttime="20220507 17:44:25.339" endtime="20220507 17:44:29.432"/>
</kw>
<status status="PASS" starttime="20220507 17:44:25.338" endtime="20220507 17:44:29.433"/>
</test>
<status status="PASS" starttime="20220507 17:44:25.203" endtime="20220507 17:44:29.434"/>
</suite>
<statistics>
<total>
<stat pass="1" fail="0" skip="0">All Tests</stat>
</total>
<tag>
</tag>
<suite>
<stat pass="1" fail="0" skip="0" id="s1" name="Tasks">Tasks</stat>
</suite>
</statistics>
<errors>
</errors>
</robot>
